Generating 16 icons in parallel (max 4 concurrent)...
  [OK ] coparent: C:\Users\swebs\Projects\friday-desktop\assets\icons\coparent.png
  [OK ] family: C:\Users\swebs\Projects\friday-desktop\assets\icons\family.png
  [OK ] health: C:\Users\swebs\Projects\friday-desktop\assets\icons\health.png
  [OK ] home: C:\Users\swebs\Projects\friday-desktop\assets\icons\home.png
  [OK ] finance: C:\Users\swebs\Projects\friday-desktop\assets\icons\finance.png
  [OK ] career: C:\Users\swebs\Projects\friday-desktop\assets\icons\career.png
  [OK ] futurespeak: C:\Users\swebs\Projects\friday-desktop\assets\icons\futurespeak.png
  [OK ] contacts: C:\Users\swebs\Projects\friday-desktop\assets\icons\contacts.png
  [OK ] draft: C:\Users\swebs\Projects\friday-desktop\assets\icons\draft.png
  [OK ] wiki: C:\Users\swebs\Projects\friday-desktop\assets\icons\wiki.png
  [OK ] news: C:\Users\swebs\Projects\friday-desktop\assets\icons\news.png
  [OK ] code: C:\Users\swebs\Projects\friday-desktop\assets\icons\code.png
  [OK ] studio: C:\Users\swebs\Projects\friday-desktop\assets\icons\studio.png
  [OK ] content: C:\Users\swebs\Projects\friday-desktop\assets\icons\content.png
  [OK ] system: C:\Users\swebs\Projects\friday-desktop\assets\icons\system.png
  [OK ] trust: C:\Users\swebs\Projects\friday-desktop\assets\icons\trust.png

Generating splash screen...
  [OK ] splash -> C:\Users\swebs\Projects\friday-desktop\assets\splash\boot.png

Generating palette card...
  [OK ] palette -> C:\Users\swebs\Projects\friday-desktop\assets\palette\palette.png

Icons: 16/16 generated
